\BOOKMARK [0][-]{Doc-Start}{\376\377\000L\036\335\000i\000\040\000c\000a\000m\000\040\001\021\000o\000a\000n}{}% 1
\BOOKMARK [0][-]{Doc-Start}{\376\377\000L\036\335\000i\000\040\000c\036\243\000m\000\040\001\241\000n}{}% 2
\BOOKMARK [0][-]{Doc-Start}{\376\377\000T\000\363\000m\000\040\000t\036\257\000t}{}% 3
\BOOKMARK [0][-]{chapter*.2}{\376\377\000D\000a\000n\000h\000\040\000s\000\341\000c\000h\000\040\000h\000\354\000n\000h\000\040\000v\036\275}{}% 4
\BOOKMARK [0][-]{chapter*.3}{\376\377\000D\000a\000n\000h\000\040\000s\000\341\000c\000h\000\040\000b\036\243\000n\000g}{}% 5
\BOOKMARK [0][-]{chapter*.4}{\376\377\001\020\036\267\000t\000\040\000v\036\245\000n\000\040\001\021\036\301}{}% 6
\BOOKMARK [0][-]{chapter.1}{\376\377\000T\036\325\000n\000g\000\040\000q\000u\000a\000n\000\040\000v\036\301\000\040\000h\036\331\000i\000\040\000c\000h\036\351\000n\000g\000\040\000n\000g\001\260\000n\000g\000\040\000t\000h\036\337\000\040\000k\000h\000i\000\040\000n\000g\036\347\000\040\000v\000\340\000\040\000c\000\341\000c\000\040\000g\000i\036\243\000i\000\040\000p\000h\000\341\000p\000\040\000c\000\364\000n\000g\000\040\000n\000g\000h\036\307\000\040\000t\000r\000o\000n\000g\000\040\000g\000i\000\341\000m\000\040\000s\000\341\000t\000\040\000t\001\260\000\040\000t\000h\036\277\000\040\000n\000g\036\347\000\040}{}% 7
\BOOKMARK [1][-]{section.1.1}{\376\377\000H\036\331\000i\000\040\000c\000h\036\351\000n\000g\000\040\000n\000g\001\260\000n\000g\000\040\000t\000h\036\337\000\040\000k\000h\000i\000\040\000n\000g\036\347}{chapter.1}% 8
\BOOKMARK [1][-]{section.1.2}{\376\377\036\350\000n\000g\000\040\000d\036\345\000n\000g\000\040\000c\036\243\000m\000\040\000b\000i\036\277\000n\000\040\000g\000i\000a\000\040\000t\036\321\000c\000\040\000t\000r\000o\000n\000g\000\040\001\021\000\341\000n\000h\000\040\000g\000i\000\341\000\040\000t\001\260\000\040\000t\000h\036\277\000\040\000n\000g\036\347\000\040\000c\036\347\000a\000\040\000n\000g\001\260\036\335\000i\000\040\000m\036\257\000c\000\040\000O\000S\000A\000\040\000t\036\241\000i\000\040\000n\000h\000\340}{chapter.1}% 9
\BOOKMARK [1][-]{section.1.3}{\376\377\036\350\000n\000g\000\040\000d\036\345\000n\000g\000\040\000t\000r\000\355\000\040\000t\000u\036\307\000\040\000n\000h\000\342\000n\000\040\000t\036\241\000o\000\040\000t\000r\000o\000n\000g\000\040\001\021\000\341\000n\000h\000\040\000g\000i\000\341\000\040\000t\001\260\000\040\000t\000h\036\277\000\040\000n\000g\036\347\000\040\000v\000\340\000\040\000h\036\327\000\040\000t\000r\036\343\000\040\000c\000h\036\251\000n\000\040\001\021\000o\000\341\000n\000\040\000h\036\331\000i\000\040\000c\000h\036\351\000n\000g\000\040\000n\000g\001\260\000n\000g\000\040\000t\000h\036\337\000\040\000k\000h\000i\000\040\000n\000g\036\347\000\040\000\050\000O\000S\000A\000\051}{chapter.1}% 10
\BOOKMARK [0][-]{chapter.2}{\376\377\000L\036\360\000A\000\040\000C\000H\036\314\000N\000\040\000V\000\300\000\040\000X\000\302\000Y\000\040\000D\036\360\000N\000G\000\040\000T\000H\000I\036\276\000T\000\040\000B\036\312}{}% 11
\BOOKMARK [1][-]{section.2.1}{\376\377\000N\000g\000h\000i\000\352\000n\000\040\000c\036\351\000u\000,\000\040\000l\036\361\000a\000\040\000c\000h\036\315\000n\000\040\000c\036\243\000m\000\040\000b\000i\036\277\000n\000\040}{chapter.2}% 12
\BOOKMARK [1][-]{section.2.2}{\376\377\000N\000g\000h\000i\000\352\000n\000\040\000c\036\351\000u\000,\000\040\000l\036\361\000a\000\040\000c\000h\036\315\000n\000\040\000v\000i\000\040\000x\036\355\000\040\000l\000\375}{chapter.2}% 13
\BOOKMARK [2][-]{subsection.2.2.1}{\376\377\000V\000i\000\040\001\021\000i\036\301\000u\000\040\000k\000h\000i\036\303\000n\000\040\000A\000R\000M\000\040\000C\000o\000r\000t\000e\000x\000-\000M\0004}{section.2.2}% 14
\BOOKMARK [2][-]{subsection.2.2.2}{\376\377\000B\000l\000u\000e\000t\000o\000o\000t\000h\000\040\000n\001\003\000n\000g\000\040\000l\001\260\036\343\000n\000g\000\040\000t\000h\036\245\000p}{section.2.2}% 15
\BOOKMARK [2][-]{subsection.2.2.3}{\376\377\000T\000h\000i\036\277\000t\000\040\000b\036\313\000\040\000t\000h\036\355\000\040\000n\000g\000h\000i\036\307\000m}{section.2.2}% 16
\BOOKMARK [1][-]{section.2.3}{\376\377\000K\036\371\000\040\000t\000h\000u\036\255\000t\000\040\000t\000h\000u\000\040\000t\000h\036\255\000p\000\040\000v\000\340\000\040\000x\036\355\000\040\000l\000\375\000\040\000t\000\355\000n\000\040\000h\000i\036\307\000u}{chapter.2}% 17
\BOOKMARK [2][-]{subsection.2.3.1}{\376\377\000L\036\255\000p\000\040\000t\000r\000\354\000n\000h\000\040\000v\000i\000\040\000x\036\355\000\040\000l\000\375}{section.2.3}% 18
\BOOKMARK [2][-]{subsection.2.3.2}{\376\377\000H\000i\036\307\000u\000\040\000c\000h\000u\036\251\000n\000\040\000c\036\243\000m\000\040\000b\000i\036\277\000n}{section.2.3}% 19
\BOOKMARK [2][-]{subsection.2.3.3}{\376\377\000X\000\342\000y\000\040\000d\036\361\000n\000g\000\040\000p\000h\036\247\000n\000\040\000m\036\301\000m\000\040\036\351\000n\000g\000\040\000d\036\345\000n\000g}{section.2.3}% 20
\BOOKMARK [2][-]{subsection.2.3.4}{\376\377\000T\000h\000i\036\277\000t\000\040\000k\036\277\000\040\000v\000\340\000\040\000x\000\342\000y\000\040\000d\036\361\000n\000g\000\040\000h\036\307\000\040\000t\000h\036\321\000n\000g\000\040\000l\001\260\000u\000\040\000t\000r\036\357\000\040}{section.2.3}% 21
\BOOKMARK [2][-]{subsection.2.3.5}{\376\377\000T\000\354\000m\000\040\000h\000i\036\303\000u\000,\000\040\036\351\000n\000g\000\040\000d\036\345\000n\000g\000\040\000p\000h\000\342\000n\000\040\000l\000o\036\241\000i\000\040\000t\001\260\000\040\000t\000h\036\277\000\040\000n\000g\036\347\000\040\000b\036\261\000n\000g\000\040\000h\036\315\000c\000\040\000m\000\341\000y\000\040}{section.2.3}% 22
\BOOKMARK [0][-]{chapter.3}{\376\377\000K\036\276\000T\000\040\000Q\000U\036\242\000\040\000T\000H\036\360\000C\000\040\000N\000G\000H\000I\036\306\000M\000\040\000V\000\300\000\040\001\020\000\301\000N\000H\000\040\000G\000I\000\301}{}% 23
\BOOKMARK [1][-]{section.3.1}{\376\377\001\020\000\341\000n\000h\000\040\000g\000i\000\341\000\040\000t\001\260\000\040\000t\000h\036\277\000\040\000n\000g\036\347\000\040\000s\036\355\000\040\000d\036\345\000n\000g\000\040\000c\036\243\000m\000\040\000b\000i\036\277\000n\000\040\000g\000i\000a\000\040\000t\036\321\000c}{chapter.3}% 24
\BOOKMARK [1][-]{section.3.2}{\376\377\000H\036\315\000c\000\040\000m\000\341\000y\000\040\000v\036\333\000i\000\040\000d\036\357\000\040\000l\000i\036\307\000u\000\040\001\021\000\341\000n\000h\000\040\000g\000i\000\341\000\040\000t\036\353\000\040\000t\000h\000i\036\277\000t\000\040\000b\036\313}{chapter.3}% 25
\BOOKMARK [0][-]{chapter.4}{\376\377\000K\036\277\000t\000\040\000l\000u\036\255\000n}{}% 26
